<?xml version="1.0" encoding="UTF-8"?>
<testng-results ignored="0" total="1" passed="1" failed="0" skipped="0">
  <reporter-output>
  </reporter-output>
  <suite started-at="2022-05-14T15:58:58 PST" name="Data_Driven_Framework_Test_Suite" finished-at="2022-05-14T15:59:00 PST" duration-ms="2221">
    <groups>
      <group name="BaseTest">
        <method signature="BaseTest.f()[pri:0, instance:tests.BaseTest@7bab3f1a]" name="f" class="tests.BaseTest"/>
      </group> <!-- BaseTest -->
    </groups>
    <test started-at="2022-05-14T15:58:58 PST" name="BaseTest" finished-at="2022-05-14T15:59:00 PST" duration-ms="2221">
      <class name="tests.BaseTest">
        <test-method is-config="true" signature="beforeSuite(java.lang.String,org.testng.ITestContext)[pri:0, instance:tests.BaseTest@7bab3f1a]" started-at="2022-05-14T15:58:58 PST" name="beforeSuite" finished-at="2022-05-14T15:58:58 PST" duration-ms="16" status="PASS">
          <params>
            <param index="0">
              <value>
                <![CDATA[local]]>
              </value>
            </param>
            <param index="1">
              <value>
                <![CDATA[org.testng.TestRunner@411a5965]]>
              </value>
            </param>
          </params>
          <reporter-output>
          </reporter-output>
        </test-method> <!-- beforeSuite -->
        <test-method is-config="true" signature="beforeTest(java.lang.String,java.lang.String,java.lang.String,java.lang.String,org.testng.ITestContext)[pri:0, instance:tests.BaseTest@7bab3f1a]" started-at="2022-05-14T15:58:58 PST" name="beforeTest" finished-at="2022-05-14T15:59:00 PST" duration-ms="1998" status="PASS">
          <params>
            <param index="0">
              <value>
                <![CDATA[chrome]]>
              </value>
            </param>
            <param index="1">
              <value>
                <![CDATA[Windows]]>
              </value>
            </param>
            <param index="2">
              <value is-null="true"/>
            </param>
            <param index="3">
              <value is-null="true"/>
            </param>
            <param index="4">
              <value>
                <![CDATA[org.testng.TestRunner@411a5965]]>
              </value>
            </param>
          </params>
          <reporter-output>
          </reporter-output>
        </test-method> <!-- beforeTest -->
        <test-method is-config="true" signature="beforeClass(org.testng.ITestContext)[pri:0, instance:tests.BaseTest@7bab3f1a]" started-at="2022-05-14T15:59:00 PST" name="beforeClass" finished-at="2022-05-14T15:59:00 PST" duration-ms="0" status="PASS">
          <params>
            <param index="0">
              <value>
                <![CDATA[org.testng.TestRunner@411a5965]]>
              </value>
            </param>
          </params>
          <reporter-output>
          </reporter-output>
        </test-method> <!-- beforeClass -->
        <test-method is-config="true" signature="beforeMethod(org.testng.ITestResult)[pri:0, instance:tests.BaseTest@7bab3f1a]" started-at="2022-05-14T15:59:00 PST" name="beforeMethod" finished-at="2022-05-14T15:59:00 PST" duration-ms="0" status="PASS">
          <params>
            <param index="0">
              <value>
                <![CDATA[[TestResult name={null} status=CREATED method=BaseTest.f()[pri:0, instance:tests.BaseTest@7bab3f1a] output={null}]]]>
              </value>
            </param>
          </params>
          <reporter-output>
          </reporter-output>
        </test-method> <!-- beforeMethod -->
        <test-method signature="f()[pri:0, instance:tests.BaseTest@7bab3f1a]" started-at="2022-05-14T15:59:00 PST" name="f" finished-at="2022-05-14T15:59:00 PST" duration-ms="35" status="PASS">
          <reporter-output>
          </reporter-output>
        </test-method> <!-- f -->
        <test-method is-config="true" signature="afterMethod(org.testng.ITestResult)[pri:0, instance:tests.BaseTest@7bab3f1a]" started-at="2022-05-14T15:59:00 PST" name="afterMethod" finished-at="2022-05-14T15:59:00 PST" duration-ms="0" status="PASS">
          <params>
            <param index="0">
              <value>
                <![CDATA[[TestResult name=f status=SUCCESS method=BaseTest.f()[pri:0, instance:tests.BaseTest@7bab3f1a] output={null}]]]>
              </value>
            </param>
          </params>
          <reporter-output>
          </reporter-output>
        </test-method> <!-- afterMethod -->
        <test-method is-config="true" signature="afterClass(org.testng.ITestContext)[pri:0, instance:tests.BaseTest@7bab3f1a]" started-at="2022-05-14T15:59:00 PST" name="afterClass" finished-at="2022-05-14T15:59:00 PST" duration-ms="0" status="PASS">
          <params>
            <param index="0">
              <value>
                <![CDATA[org.testng.TestRunner@411a5965]]>
              </value>
            </param>
          </params>
          <reporter-output>
          </reporter-output>
        </test-method> <!-- afterClass -->
        <test-method is-config="true" signature="afterTest()[pri:0, instance:tests.BaseTest@7bab3f1a]" started-at="2022-05-14T15:59:00 PST" name="afterTest" finished-at="2022-05-14T15:59:00 PST" duration-ms="162" status="PASS">
          <reporter-output>
          </reporter-output>
        </test-method> <!-- afterTest -->
        <test-method is-config="true" signature="afterSuite()[pri:0, instance:tests.BaseTest@7bab3f1a]" started-at="2022-05-14T15:59:01 PST" name="afterSuite" finished-at="2022-05-14T15:59:01 PST" duration-ms="0" status="PASS">
          <reporter-output>
          </reporter-output>
        </test-method> <!-- afterSuite -->
      </class> <!-- tests.BaseTest -->
    </test> <!-- BaseTest -->
  </suite> <!-- Data_Driven_Framework_Test_Suite -->
</testng-results>
